
RAxML-NG v. 1.1.0 released on 29.11.2021 by The Exelixis Lab.
Developed by: Alexey M. Kozlov and Alexandros Stamatakis.
Contributors: Diego Darriba, Tomas Flouri, Benoit Morel, Sarah Lutteropp, Ben Bettisworth.
Latest version: https://github.com/amkozlov/raxml-ng
Questions/problems/suggestions? Please visit: https://groups.google.com/forum/#!forum/raxml

System: Intel(R) Core(TM) i9-8950HK CPU @ 2.90GHz, 6 cores, 16 GB RAM

RAxML-NG was called at 28-Apr-2022 23:18:36 as follows:

./../methods/osx/raxml-ng_v1.1.0_macos_x86_64/raxml-ng --msa mafft_linsi_alns/16s_species.aln --model GTR+G

Analysis options:
  run mode: ML tree search
  start tree(s): random (10) + parsimony (10)
  random seed: 1651205916
  tip-inner: OFF
  pattern compression: ON
  per-rate scalers: OFF
  site repeats: ON
  fast spr radius: AUTO
  spr subtree cutoff: 1.000000
  branch lengths: proportional (ML estimate, algorithm: NR-FAST)
  SIMD kernels: AVX2
  parallelization: coarse-grained (auto), PTHREADS (auto)

[00:00:00] Reading alignment from file: mafft_linsi_alns/16s_species.aln
[00:00:00] Loaded alignment with 25 taxa and 16632 sites

WARNING: Fully undetermined columns found: 2

NOTE: Reduced alignment (with duplicates and gap-only sites/taxa removed) 
NOTE: was saved to: /Users/gillianchu/Desktop/cpsc/project/datafiles/mafft_linsi_alns/16s_species.aln.raxml.reduced.phy

Alignment comprises 1 partitions and 985 patterns

Partition 0: noname
Model: GTR+FO+G4m
Alignment sites / patterns: 16630 / 985
Gaps: 88.36 %
Invariant sites: 93.82 %


NOTE: Binary MSA file created: mafft_linsi_alns/16s_species.aln.raxml.rba

Parallelization scheme autoconfig: 6 worker(s) x 1 thread(s)

Parallel reduction/worker buffer size: 1 KB  / 0 KB

[00:00:00] Generating 10 random starting tree(s) with 25 taxa
[00:00:00] Generating 10 parsimony starting tree(s) with 25 taxa
[00:00:00] Data distribution: max. partitions/sites/weight per thread: 1 / 985 / 15760
[00:00:00] Data distribution: max. searches per worker: 4

Starting ML tree search with 20 distinct starting trees

[00:00:00 -42056.826498] Initial branch length optimization
[00:00:00 -40129.907751] Model parameter optimization (eps = 10.000000)
[00:00:00 -37381.293571] AUTODETECT spr round 1 (radius: 5)
[00:00:00 -35351.753389] AUTODETECT spr round 2 (radius: 10)
[00:00:00 -35278.840801] AUTODETECT spr round 3 (radius: 15)
[00:00:00 -35278.816061] SPR radius for FAST iterations: 10 (autodetect)
[00:00:00 -35278.816061] Model parameter optimization (eps = 3.000000)
[00:00:00 -35243.454806] FAST spr round 1 (radius: 10)
[00:00:01 -35145.044032] FAST spr round 2 (radius: 10)
[00:00:01 -35143.231430] FAST spr round 3 (radius: 10)
[00:00:01 -35143.227287] Model parameter optimization (eps = 1.000000)
[00:00:02 -35142.009401] SLOW spr round 1 (radius: 5)
[00:00:03 -35141.980795] SLOW spr round 2 (radius: 10)
[00:00:03] [worker #3] ML tree search #4, logLikelihood: -35141.894042
[00:00:03 -35141.979556] SLOW spr round 3 (radius: 15)
[00:00:03 -35141.979294] SLOW spr round 4 (radius: 20)
[00:00:03 -35141.979182] SLOW spr round 5 (radius: 25)
[00:00:03 -35141.979129] Model parameter optimization (eps = 0.100000)
[00:00:03] [worker #1] ML tree search #2, logLikelihood: -35141.898610

[00:00:03] [worker #0] ML tree search #1, logLikelihood: -35141.902504

[00:00:03 -42145.295482] Initial branch length optimization
[00:00:03 -40162.406420] Model parameter optimization (eps = 10.000000)
[00:00:04] [worker #5] ML tree search #6, logLikelihood: -35141.883398
[00:00:04 -37380.457128] AUTODETECT spr round 1 (radius: 5)
[00:00:04 -35439.840298] AUTODETECT spr round 2 (radius: 10)
[00:00:04] [worker #4] ML tree search #5, logLikelihood: -35141.886848
[00:00:04 -35340.932030] AUTODETECT spr round 3 (radius: 15)
[00:00:04 -35340.911243] SPR radius for FAST iterations: 10 (autodetect)
[00:00:04 -35340.911243] Model parameter optimization (eps = 3.000000)
[00:00:04] [worker #2] ML tree search #3, logLikelihood: -35141.890396
[00:00:04 -35281.372619] FAST spr round 1 (radius: 10)
[00:00:05 -35149.302687] FAST spr round 2 (radius: 10)
[00:00:05 -35143.862547] FAST spr round 3 (radius: 10)
[00:00:05 -35143.094734] FAST spr round 4 (radius: 10)
[00:00:06 -35143.089801] Model parameter optimization (eps = 1.000000)
[00:00:06 -35142.207395] SLOW spr round 1 (radius: 5)
[00:00:07] [worker #5] ML tree search #12, logLikelihood: -35141.879478
[00:00:07 -35142.149486] SLOW spr round 2 (radius: 10)
[00:00:07] [worker #3] ML tree search #10, logLikelihood: -35141.900158
[00:00:08 -35142.145987] SLOW spr round 3 (radius: 15)
[00:00:08 -35142.144354] SLOW spr round 4 (radius: 20)
[00:00:08 -35142.143719] SLOW spr round 5 (radius: 25)
[00:00:08 -35142.143379] Model parameter optimization (eps = 0.100000)

[00:00:08] [worker #0] ML tree search #7, logLikelihood: -35141.911007

[00:00:08 -38076.442552] Initial branch length optimization
[00:00:08 -37224.412631] Model parameter optimization (eps = 10.000000)
[00:00:08] [worker #4] ML tree search #11, logLikelihood: -35141.881547
[00:00:08 -35153.668994] AUTODETECT spr round 1 (radius: 5)
[00:00:08] [worker #1] ML tree search #8, logLikelihood: -35141.884586
[00:00:08 -35144.136272] AUTODETECT spr round 2 (radius: 10)
[00:00:08 -35144.134801] SPR radius for FAST iterations: 5 (autodetect)
[00:00:08 -35144.134801] Model parameter optimization (eps = 3.000000)
[00:00:08] [worker #2] ML tree search #9, logLikelihood: -35141.892088
[00:00:08 -35143.336910] FAST spr round 1 (radius: 5)
[00:00:09 -35142.709625] FAST spr round 2 (radius: 5)
[00:00:09 -35142.134562] FAST spr round 3 (radius: 5)
[00:00:09 -35142.059337] Model parameter optimization (eps = 1.000000)
[00:00:09 -35141.928520] SLOW spr round 1 (radius: 5)
[00:00:10] [worker #5] ML tree search #18, logLikelihood: -35141.881385
[00:00:11 -35141.918777] SLOW spr round 2 (radius: 10)
[00:00:11] [worker #3] ML tree search #16, logLikelihood: -35141.884638
[00:00:11 -35141.916842] SLOW spr round 3 (radius: 15)
[00:00:11 -35141.915817] SLOW spr round 4 (radius: 20)
[00:00:11 -35141.915259] SLOW spr round 5 (radius: 25)
[00:00:11 -35141.914955] Model parameter optimization (eps = 0.100000)

[00:00:11] [worker #0] ML tree search #13, logLikelihood: -35141.895898

[00:00:11 -38134.713539] Initial branch length optimization
[00:00:11] [worker #1] ML tree search #14, logLikelihood: -35141.884580
[00:00:11 -37249.255559] Model parameter optimization (eps = 10.000000)
[00:00:12] [worker #4] ML tree search #17, logLikelihood: -35141.879625
[00:00:12 -35172.198212] AUTODETECT spr round 1 (radius: 5)
[00:00:12 -35144.087430] AUTODETECT spr round 2 (radius: 10)
[00:00:12 -35144.057864] SPR radius for FAST iterations: 5 (autodetect)
[00:00:12 -35144.057864] Model parameter optimization (eps = 3.000000)
[00:00:12 -35143.303406] FAST spr round 1 (radius: 5)
[00:00:12 -35142.623931] FAST spr round 2 (radius: 5)
[00:00:13 -35142.013091] FAST spr round 3 (radius: 5)
[00:00:13 -35142.012918] Model parameter optimization (eps = 1.000000)
[00:00:13 -35141.902913] SLOW spr round 1 (radius: 5)
[00:00:13] [worker #2] ML tree search #15, logLikelihood: -35141.877608
[00:00:14 -35141.895638] SLOW spr round 2 (radius: 10)
[00:00:15] [worker #1] ML tree search #20, logLikelihood: -35141.887076
[00:00:15 -35141.895490] SLOW spr round 3 (radius: 15)
[00:00:15 -35141.895480] SLOW spr round 4 (radius: 20)
[00:00:15 -35141.895477] SLOW spr round 5 (radius: 25)
[00:00:15 -35141.895476] Model parameter optimization (eps = 0.100000)

[00:00:15] [worker #0] ML tree search #19, logLikelihood: -35141.877758


Optimized model parameters:

   Partition 0: noname
   Rate heterogeneity: GAMMA (4 cats, mean),  alpha: 0.318727 (ML),  weights&rates: (0.250000,0.006937) (0.250000,0.119120) (0.250000,0.625952) (0.250000,3.247991) 
   Base frequencies (ML): 0.330062 0.252290 0.124823 0.292825 
   Substitution rates (ML): 19.545392 32.705650 12.390918 0.001000 64.829944 1.000000 


Final LogLikelihood: -35141.877608

AIC score: 70395.755216 / AICc score: 70396.140421 / BIC score: 70828.017176
Free parameters (model + branch lengths): 56

Best ML tree saved to: /Users/gillianchu/Desktop/cpsc/project/datafiles/mafft_linsi_alns/16s_species.aln.raxml.bestTree
All ML trees saved to: /Users/gillianchu/Desktop/cpsc/project/datafiles/mafft_linsi_alns/16s_species.aln.raxml.mlTrees
Optimized model saved to: /Users/gillianchu/Desktop/cpsc/project/datafiles/mafft_linsi_alns/16s_species.aln.raxml.bestModel

Execution log saved to: /Users/gillianchu/Desktop/cpsc/project/datafiles/mafft_linsi_alns/16s_species.aln.raxml.log

Analysis started: 28-Apr-2022 23:18:36 / finished: 28-Apr-2022 23:18:51

Elapsed time: 15.534 seconds

