
RAxML-NG v. 1.1.0 released on 29.11.2021 by The Exelixis Lab.
Developed by: Alexey M. Kozlov and Alexandros Stamatakis.
Contributors: Diego Darriba, Tomas Flouri, Benoit Morel, Sarah Lutteropp, Ben Bettisworth.
Latest version: https://github.com/amkozlov/raxml-ng
Questions/problems/suggestions? Please visit: https://groups.google.com/forum/#!forum/raxml

System: Intel(R) Core(TM) i9-8950HK CPU @ 2.90GHz, 6 cores, 16 GB RAM

RAxML-NG was called at 21-Apr-2022 14:56:56 as follows:

./../methods/osx/raxml-ng_v1.1.0_macos_x86_64/raxml-ng --msa mafft alns/16s_species.aln --model GTR+G

Analysis options:
  run mode: ML tree search
  start tree(s): random (10) + parsimony (10)
  random seed: 1650571016
  tip-inner: OFF
  pattern compression: ON
  per-rate scalers: OFF
  site repeats: ON
  fast spr radius: AUTO
  spr subtree cutoff: 1.000000
  branch lengths: proportional (ML estimate, algorithm: NR-FAST)
  SIMD kernels: AVX2
  parallelization: coarse-grained (auto), PTHREADS (auto)

[00:00:00] Reading alignment from file: mafft alns/16s_species.aln
[00:00:00] Loaded alignment with 27 taxa and 16656 sites

WARNING: Fully undetermined columns found: 2

WARNING: Sequences Castor_canadensis_16S and Galeopterus_variegatus_16S are exactly identical!
WARNING: Duplicate sequences found: 1

NOTE: Reduced alignment (with duplicates and gap-only sites/taxa removed) 
NOTE: was saved to: /Users/gillianchu/Desktop/cpsc/project/datafiles/mafft alns/16s_species.aln.raxml.reduced.phy

Alignment comprises 1 partitions and 1026 patterns

Partition 0: noname
Model: GTR+FO+G4m
Alignment sites / patterns: 16654 / 1026
Gaps: 88.77 %
Invariant sites: 93.65 %


NOTE: Binary MSA file created: mafft alns/16s_species.aln.raxml.rba

Parallelization scheme autoconfig: 6 worker(s) x 1 thread(s)

Parallel reduction/worker buffer size: 1 KB  / 0 KB

[00:00:00] Generating 10 random starting tree(s) with 27 taxa
[00:00:00] Generating 10 parsimony starting tree(s) with 27 taxa
[00:00:00] Data distribution: max. partitions/sites/weight per thread: 1 / 1026 / 16416
[00:00:00] Data distribution: max. searches per worker: 4

Starting ML tree search with 20 distinct starting trees

[00:00:00 -42580.165320] Initial branch length optimization
[00:00:00 -40825.964208] Model parameter optimization (eps = 10.000000)
[00:00:00 -38183.247315] AUTODETECT spr round 1 (radius: 5)
[00:00:00 -35175.879713] AUTODETECT spr round 2 (radius: 10)
[00:00:01 -35161.196608] AUTODETECT spr round 3 (radius: 15)
[00:00:01 -35161.162353] SPR radius for FAST iterations: 10 (autodetect)
[00:00:01 -35161.162353] Model parameter optimization (eps = 3.000000)
[00:00:01 -35128.913135] FAST spr round 1 (radius: 10)
[00:00:02 -35073.838075] FAST spr round 2 (radius: 10)
[00:00:02 -35069.320367] FAST spr round 3 (radius: 10)
[00:00:02 -35063.007724] FAST spr round 4 (radius: 10)
[00:00:03 -35063.007418] Model parameter optimization (eps = 1.000000)
[00:00:03 -35062.560591] SLOW spr round 1 (radius: 5)
[00:00:05 -35062.556004] SLOW spr round 2 (radius: 10)
[00:00:05] [worker #3] ML tree search #4, logLikelihood: -35062.526731
[00:00:05] [worker #5] ML tree search #6, logLikelihood: -35062.531479
[00:00:06 -35062.555772] SLOW spr round 3 (radius: 15)
[00:00:06 -35062.555701] SLOW spr round 4 (radius: 20)
[00:00:06 -35062.555677] SLOW spr round 5 (radius: 25)
[00:00:06 -35062.555668] Model parameter optimization (eps = 0.100000)

[00:00:06] [worker #0] ML tree search #1, logLikelihood: -35062.537219

[00:00:06 -42518.860199] Initial branch length optimization
[00:00:06 -40987.287603] Model parameter optimization (eps = 10.000000)
[00:00:07 -38285.437699] AUTODETECT spr round 1 (radius: 5)
[00:00:07 -35404.070339] AUTODETECT spr round 2 (radius: 10)
[00:00:07] [worker #2] ML tree search #3, logLikelihood: -35062.537951
[00:00:07] [worker #1] ML tree search #2, logLikelihood: -35062.546048
[00:00:07 -35400.393184] AUTODETECT spr round 3 (radius: 15)
[00:00:07 -35400.385188] SPR radius for FAST iterations: 10 (autodetect)
[00:00:07 -35400.385188] Model parameter optimization (eps = 3.000000)
[00:00:08 -35357.577448] FAST spr round 1 (radius: 10)
[00:00:08] [worker #4] ML tree search #5, logLikelihood: -35065.196527
[00:00:08 -35066.251432] FAST spr round 2 (radius: 10)
[00:00:09 -35063.565050] FAST spr round 3 (radius: 10)
[00:00:09 -35063.009433] FAST spr round 4 (radius: 10)
[00:00:10 -35063.000071] Model parameter optimization (eps = 1.000000)
[00:00:10 -35062.572266] SLOW spr round 1 (radius: 5)
[00:00:12 -35062.568665] SLOW spr round 2 (radius: 10)
[00:00:13] [worker #5] ML tree search #12, logLikelihood: -35065.201630
[00:00:13] [worker #2] ML tree search #9, logLikelihood: -35062.527259
[00:00:13 -35062.568464] SLOW spr round 3 (radius: 15)
[00:00:13 -35062.568432] SLOW spr round 4 (radius: 20)
[00:00:13 -35062.568425] SLOW spr round 5 (radius: 25)
[00:00:13 -35062.568423] Model parameter optimization (eps = 0.100000)

[00:00:13] [worker #0] ML tree search #7, logLikelihood: -35062.533020

[00:00:13 -38365.029091] Initial branch length optimization
[00:00:13 -37270.318921] Model parameter optimization (eps = 10.000000)
[00:00:14] [worker #3] ML tree search #10, logLikelihood: -35065.199861
[00:00:14 -35151.329404] AUTODETECT spr round 1 (radius: 5)
[00:00:14 -35069.540416] AUTODETECT spr round 2 (radius: 10)
[00:00:14] [worker #1] ML tree search #8, logLikelihood: -35062.527414
[00:00:15 -35069.517091] SPR radius for FAST iterations: 5 (autodetect)
[00:00:15 -35069.517091] Model parameter optimization (eps = 3.000000)
[00:00:15 -35068.634031] FAST spr round 1 (radius: 5)
[00:00:16 -35065.812541] FAST spr round 2 (radius: 5)
[00:00:16] [worker #4] ML tree search #11, logLikelihood: -35062.527998
[00:00:16 -35065.676383] FAST spr round 3 (radius: 5)
[00:00:17 -35062.638131] FAST spr round 4 (radius: 5)
[00:00:17 -35062.637293] Model parameter optimization (eps = 1.000000)
[00:00:17 -35062.531617] SLOW spr round 1 (radius: 5)
[00:00:19 -35062.530001] SLOW spr round 2 (radius: 10)
[00:00:20] [worker #2] ML tree search #15, logLikelihood: -35062.533150
[00:00:20] [worker #5] ML tree search #18, logLikelihood: -35062.527593
[00:00:20 -35062.529933] SLOW spr round 3 (radius: 15)
[00:00:20 -35062.529926] SLOW spr round 4 (radius: 20)
[00:00:21 -35062.529924] SLOW spr round 5 (radius: 25)
[00:00:21 -35062.529924] Model parameter optimization (eps = 0.100000)

[00:00:21] [worker #0] ML tree search #13, logLikelihood: -35062.527283

[00:00:21 -38279.344162] Initial branch length optimization
[00:00:21 -37184.081791] Model parameter optimization (eps = 10.000000)
[00:00:21 -35076.706587] AUTODETECT spr round 1 (radius: 5)
[00:00:21] [worker #4] ML tree search #17, logLikelihood: -35062.529056
[00:00:21 -35066.795221] AUTODETECT spr round 2 (radius: 10)
[00:00:21] [worker #3] ML tree search #16, logLikelihood: -35065.198330
[00:00:22 -35066.773662] SPR radius for FAST iterations: 5 (autodetect)
[00:00:22 -35066.773662] Model parameter optimization (eps = 3.000000)
[00:00:22 -35066.393858] FAST spr round 1 (radius: 5)
[00:00:22] [worker #1] ML tree search #14, logLikelihood: -35065.199193
[00:00:22 -35065.620691] FAST spr round 2 (radius: 5)
[00:00:23 -35062.575943] FAST spr round 3 (radius: 5)
[00:00:23 -35062.575696] Model parameter optimization (eps = 1.000000)
[00:00:23 -35062.530324] SLOW spr round 1 (radius: 5)
[00:00:25 -35062.529161] SLOW spr round 2 (radius: 10)
[00:00:26 -35062.529111] SLOW spr round 3 (radius: 15)
[00:00:26 -35062.529106] SLOW spr round 4 (radius: 20)
[00:00:26 -35062.529105] SLOW spr round 5 (radius: 25)
[00:00:26 -35062.529105] Model parameter optimization (eps = 0.100000)

[00:00:26] [worker #0] ML tree search #19, logLikelihood: -35062.527088

[00:00:27] [worker #1] ML tree search #20, logLikelihood: -35065.197644

Optimized model parameters:

   Partition 0: noname
   Rate heterogeneity: GAMMA (4 cats, mean),  alpha: 0.338328 (ML),  weights&rates: (0.250000,0.008913) (0.250000,0.134457) (0.250000,0.654897) (0.250000,3.201734) 
   Base frequencies (ML): 0.329343 0.251967 0.124989 0.293702 
   Substitution rates (ML): 15.768365 29.209071 9.820156 0.100873 54.529931 1.000000 


Final LogLikelihood: -35062.526731

AIC score: 70245.053462 / AICc score: 70245.494611 / BIC score: 70708.277804
Free parameters (model + branch lengths): 60

Best ML tree saved to: /Users/gillianchu/Desktop/cpsc/project/datafiles/mafft alns/16s_species.aln.raxml.bestTree
All ML trees saved to: /Users/gillianchu/Desktop/cpsc/project/datafiles/mafft alns/16s_species.aln.raxml.mlTrees
Optimized model saved to: /Users/gillianchu/Desktop/cpsc/project/datafiles/mafft alns/16s_species.aln.raxml.bestModel

Execution log saved to: /Users/gillianchu/Desktop/cpsc/project/datafiles/mafft alns/16s_species.aln.raxml.log

Analysis started: 21-Apr-2022 14:56:56 / finished: 21-Apr-2022 14:57:24

Elapsed time: 27.105 seconds

