
RAxML-NG v. 1.1.0 released on 29.11.2021 by The Exelixis Lab.
Developed by: Alexey M. Kozlov and Alexandros Stamatakis.
Contributors: Diego Darriba, Tomas Flouri, Benoit Morel, Sarah Lutteropp, Ben Bettisworth.
Latest version: https://github.com/amkozlov/raxml-ng
Questions/problems/suggestions? Please visit: https://groups.google.com/forum/#!forum/raxml

System: Intel(R) Core(TM) i9-8950HK CPU @ 2.90GHz, 6 cores, 16 GB RAM

RAxML-NG was called at 21-Apr-2022 16:57:18 as follows:

./../methods/osx/raxml-ng_v1.1.0_macos_x86_64/raxml-ng --msa mafft_alns/16s_species.aln --model GTR+G

Analysis options:
  run mode: ML tree search
  start tree(s): random (10) + parsimony (10)
  random seed: 1650578238
  tip-inner: OFF
  pattern compression: ON
  per-rate scalers: OFF
  site repeats: ON
  fast spr radius: AUTO
  spr subtree cutoff: 1.000000
  branch lengths: proportional (ML estimate, algorithm: NR-FAST)
  SIMD kernels: AVX2
  parallelization: coarse-grained (auto), PTHREADS (auto)

[00:00:00] Reading alignment from file: mafft_alns/16s_species.aln
[00:00:00] Loaded alignment with 25 taxa and 16647 sites

WARNING: Fully undetermined columns found: 2

NOTE: Reduced alignment (with duplicates and gap-only sites/taxa removed) 
NOTE: was saved to: /Users/gillianchu/Desktop/cpsc/project/datafiles/mafft_alns/16s_species.aln.raxml.reduced.phy

Alignment comprises 1 partitions and 1018 patterns

Partition 0: noname
Model: GTR+FO+G4m
Alignment sites / patterns: 16645 / 1018
Gaps: 88.37 %
Invariant sites: 93.72 %


NOTE: Binary MSA file created: mafft_alns/16s_species.aln.raxml.rba

Parallelization scheme autoconfig: 6 worker(s) x 1 thread(s)

Parallel reduction/worker buffer size: 1 KB  / 0 KB

[00:00:00] Generating 10 random starting tree(s) with 25 taxa
[00:00:00] Generating 10 parsimony starting tree(s) with 25 taxa
[00:00:00] Data distribution: max. partitions/sites/weight per thread: 1 / 1018 / 16288
[00:00:00] Data distribution: max. searches per worker: 4

Starting ML tree search with 20 distinct starting trees

[00:00:00 -41530.309655] Initial branch length optimization
[00:00:00 -39902.643288] Model parameter optimization (eps = 10.000000)
[00:00:00 -37117.660778] AUTODETECT spr round 1 (radius: 5)
[00:00:00 -35030.177925] AUTODETECT spr round 2 (radius: 10)
[00:00:00 -35021.882795] AUTODETECT spr round 3 (radius: 15)
[00:00:00 -35021.882182] SPR radius for FAST iterations: 10 (autodetect)
[00:00:00 -35021.882182] Model parameter optimization (eps = 3.000000)
[00:00:00 -34978.196849] FAST spr round 1 (radius: 10)
[00:00:01 -34889.120177] FAST spr round 2 (radius: 10)
[00:00:01 -34881.819794] FAST spr round 3 (radius: 10)
[00:00:02 -34881.569506] FAST spr round 4 (radius: 10)
[00:00:02 -34881.569350] Model parameter optimization (eps = 1.000000)
[00:00:02 -34880.882140] SLOW spr round 1 (radius: 5)
[00:00:03 -34878.812805] SLOW spr round 2 (radius: 5)
[00:00:03] [worker #5] ML tree search #6, logLikelihood: -34880.472112
[00:00:03] [worker #3] ML tree search #4, logLikelihood: -34878.666779
[00:00:04] [worker #2] ML tree search #3, logLikelihood: -34878.693578
[00:00:04] [worker #1] ML tree search #2, logLikelihood: -34878.670116
[00:00:04 -34878.801347] SLOW spr round 3 (radius: 10)
[00:00:05] [worker #4] ML tree search #5, logLikelihood: -34878.687949
[00:00:05 -34878.798541] SLOW spr round 4 (radius: 15)
[00:00:05 -34878.797856] SLOW spr round 5 (radius: 20)
[00:00:05 -34878.797691] SLOW spr round 6 (radius: 25)
[00:00:05 -34878.797651] Model parameter optimization (eps = 0.100000)

[00:00:05] [worker #0] ML tree search #1, logLikelihood: -34878.681625

[00:00:05 -41521.149770] Initial branch length optimization
[00:00:05 -39849.165613] Model parameter optimization (eps = 10.000000)
[00:00:05 -37272.907160] AUTODETECT spr round 1 (radius: 5)
[00:00:05 -35174.461640] AUTODETECT spr round 2 (radius: 10)
[00:00:06 -35163.374783] AUTODETECT spr round 3 (radius: 15)
[00:00:06 -35163.357477] SPR radius for FAST iterations: 10 (autodetect)
[00:00:06 -35163.357477] Model parameter optimization (eps = 3.000000)
[00:00:06 -35141.055891] FAST spr round 1 (radius: 10)
[00:00:06 -34879.418631] FAST spr round 2 (radius: 10)
[00:00:07 -34879.403354] Model parameter optimization (eps = 1.000000)
[00:00:07 -34878.788010] SLOW spr round 1 (radius: 5)
[00:00:08] [worker #5] ML tree search #12, logLikelihood: -34878.679683
[00:00:08 -34878.726919] SLOW spr round 2 (radius: 10)
[00:00:08] [worker #2] ML tree search #9, logLikelihood: -34878.693418
[00:00:08 -34878.726823] SLOW spr round 3 (radius: 15)
[00:00:08 -34878.726811] SLOW spr round 4 (radius: 20)
[00:00:08 -34878.726808] SLOW spr round 5 (radius: 25)
[00:00:08 -34878.726807] Model parameter optimization (eps = 0.100000)

[00:00:09] [worker #0] ML tree search #7, logLikelihood: -34878.678817

[00:00:09 -37834.924609] Initial branch length optimization
[00:00:09 -36974.332501] Model parameter optimization (eps = 10.000000)
[00:00:09] [worker #1] ML tree search #8, logLikelihood: -34878.668903
[00:00:09 -34909.198613] AUTODETECT spr round 1 (radius: 5)
[00:00:09] [worker #4] ML tree search #11, logLikelihood: -34878.696445
[00:00:09 -34891.934560] AUTODETECT spr round 2 (radius: 10)
[00:00:09 -34888.259756] AUTODETECT spr round 3 (radius: 15)
[00:00:09 -34888.233194] SPR radius for FAST iterations: 10 (autodetect)
[00:00:09 -34888.233194] Model parameter optimization (eps = 3.000000)
[00:00:09 -34887.832428] FAST spr round 1 (radius: 10)
[00:00:09] [worker #3] ML tree search #10, logLikelihood: -34878.676430
[00:00:10 -34879.064471] FAST spr round 2 (radius: 10)
[00:00:10 -34878.969774] Model parameter optimization (eps = 1.000000)
[00:00:10 -34878.930078] SLOW spr round 1 (radius: 5)
[00:00:11 -34878.794041] SLOW spr round 2 (radius: 5)
[00:00:12] [worker #5] ML tree search #18, logLikelihood: -34878.672079
[00:00:12 -34878.793965] SLOW spr round 3 (radius: 10)
[00:00:13] [worker #2] ML tree search #15, logLikelihood: -34878.668548
[00:00:13 -34878.793958] SLOW spr round 4 (radius: 15)
[00:00:13 -34878.793956] SLOW spr round 5 (radius: 20)
[00:00:13 -34878.793956] SLOW spr round 6 (radius: 25)
[00:00:13 -34878.793956] Model parameter optimization (eps = 0.100000)

[00:00:13] [worker #0] ML tree search #13, logLikelihood: -34878.669972

[00:00:13 -37880.313718] Initial branch length optimization
[00:00:13 -36975.679223] Model parameter optimization (eps = 10.000000)
[00:00:14] [worker #4] ML tree search #17, logLikelihood: -34878.681879
[00:00:14 -34897.641786] AUTODETECT spr round 1 (radius: 5)
[00:00:14 -34881.421673] AUTODETECT spr round 2 (radius: 10)
[00:00:14] [worker #1] ML tree search #14, logLikelihood: -34878.689658
[00:00:14 -34881.402859] SPR radius for FAST iterations: 5 (autodetect)
[00:00:14 -34881.402859] Model parameter optimization (eps = 3.000000)
[00:00:14 -34881.097445] FAST spr round 1 (radius: 5)
[00:00:14 -34878.769717] FAST spr round 2 (radius: 5)
[00:00:15 -34878.764338] Model parameter optimization (eps = 1.000000)
[00:00:15 -34878.689309] SLOW spr round 1 (radius: 5)
[00:00:15] [worker #3] ML tree search #16, logLikelihood: -34878.668091
[00:00:16 -34878.685196] SLOW spr round 2 (radius: 10)
[00:00:17 -34878.684635] SLOW spr round 3 (radius: 15)
[00:00:17 -34878.684496] SLOW spr round 4 (radius: 20)
[00:00:17 -34878.684465] SLOW spr round 5 (radius: 25)
[00:00:17 -34878.684457] Model parameter optimization (eps = 0.100000)

[00:00:17] [worker #0] ML tree search #19, logLikelihood: -34878.675571

[00:00:18] [worker #1] ML tree search #20, logLikelihood: -34878.674608

Optimized model parameters:

   Partition 0: noname
   Rate heterogeneity: GAMMA (4 cats, mean),  alpha: 0.330763 (ML),  weights&rates: (0.250000,0.008119) (0.250000,0.128541) (0.250000,0.644025) (0.250000,3.219314) 
   Base frequencies (ML): 0.329207 0.251619 0.124798 0.294377 
   Substitution rates (ML): 25.213986 45.451589 15.211936 0.518882 83.929225 1.000000 


Final LogLikelihood: -34878.666779

AIC score: 69869.333558 / AICc score: 69869.718414 / BIC score: 70301.646006
Free parameters (model + branch lengths): 56

Best ML tree saved to: /Users/gillianchu/Desktop/cpsc/project/datafiles/mafft_alns/16s_species.aln.raxml.bestTree
All ML trees saved to: /Users/gillianchu/Desktop/cpsc/project/datafiles/mafft_alns/16s_species.aln.raxml.mlTrees
Optimized model saved to: /Users/gillianchu/Desktop/cpsc/project/datafiles/mafft_alns/16s_species.aln.raxml.bestModel

Execution log saved to: /Users/gillianchu/Desktop/cpsc/project/datafiles/mafft_alns/16s_species.aln.raxml.log

Analysis started: 21-Apr-2022 16:57:18 / finished: 21-Apr-2022 16:57:37

Elapsed time: 18.961 seconds

