
RAxML-NG v. 1.1.0 released on 29.11.2021 by The Exelixis Lab.
Developed by: Alexey M. Kozlov and Alexandros Stamatakis.
Contributors: Diego Darriba, Tomas Flouri, Benoit Morel, Sarah Lutteropp, Ben Bettisworth.
Latest version: https://github.com/amkozlov/raxml-ng
Questions/problems/suggestions? Please visit: https://groups.google.com/forum/#!forum/raxml

System: Intel(R) Core(TM) i9-8950HK CPU @ 2.90GHz, 6 cores, 16 GB RAM

RAxML-NG was called at 21-Apr-2022 16:59:11 as follows:

./../methods/osx/raxml-ng_v1.1.0_macos_x86_64/raxml-ng --msa mafft_alns/cytb_species.aln --model GTR+G

Analysis options:
  run mode: ML tree search
  start tree(s): random (10) + parsimony (10)
  random seed: 1650578351
  tip-inner: OFF
  pattern compression: ON
  per-rate scalers: OFF
  site repeats: ON
  fast spr radius: AUTO
  spr subtree cutoff: 1.000000
  branch lengths: proportional (ML estimate, algorithm: NR-FAST)
  SIMD kernels: AVX2
  parallelization: coarse-grained (auto), PTHREADS (auto)

[00:00:00] Reading alignment from file: mafft_alns/cytb_species.aln
[00:00:00] Loaded alignment with 25 taxa and 1761 sites

Alignment comprises 1 partitions and 908 patterns

Partition 0: noname
Model: GTR+FO+G4m
Alignment sites / patterns: 1761 / 908
Gaps: 35.38 %
Invariant sites: 38.16 %


NOTE: Binary MSA file created: mafft_alns/cytb_species.aln.raxml.rba

Parallelization scheme autoconfig: 6 worker(s) x 1 thread(s)

Parallel reduction/worker buffer size: 1 KB  / 0 KB

[00:00:00] Generating 10 random starting tree(s) with 25 taxa
[00:00:00] Generating 10 parsimony starting tree(s) with 25 taxa
[00:00:00] Data distribution: max. partitions/sites/weight per thread: 1 / 908 / 14528
[00:00:00] Data distribution: max. searches per worker: 4

Starting ML tree search with 20 distinct starting trees

[00:00:00 -24505.731000] Initial branch length optimization
[00:00:00 -21373.250694] Model parameter optimization (eps = 10.000000)
[00:00:00 -20109.683279] AUTODETECT spr round 1 (radius: 5)
[00:00:00 -14814.207243] AUTODETECT spr round 2 (radius: 10)
[00:00:00 -14731.285892] AUTODETECT spr round 3 (radius: 15)
[00:00:00 -14731.272566] SPR radius for FAST iterations: 10 (autodetect)
[00:00:00 -14731.272566] Model parameter optimization (eps = 3.000000)
[00:00:01 -14677.155197] FAST spr round 1 (radius: 10)
[00:00:01 -14567.410731] FAST spr round 2 (radius: 10)
[00:00:01 -14565.194227] FAST spr round 3 (radius: 10)
[00:00:02 -14562.983499] FAST spr round 4 (radius: 10)
[00:00:02 -14562.824310] FAST spr round 5 (radius: 10)
[00:00:02 -14562.824287] Model parameter optimization (eps = 1.000000)
[00:00:02 -14556.483162] SLOW spr round 1 (radius: 5)
[00:00:03 -14556.381236] SLOW spr round 2 (radius: 5)
[00:00:04] [worker #1] ML tree search #2, logLikelihood: -14555.868666
[00:00:04] [worker #4] ML tree search #5, logLikelihood: -14556.065941
[00:00:04] [worker #2] ML tree search #3, logLikelihood: -14556.054353
[00:00:04 -14556.381012] SLOW spr round 3 (radius: 10)
[00:00:04] [worker #5] ML tree search #6, logLikelihood: -14555.901196
[00:00:05 -14556.381004] SLOW spr round 4 (radius: 15)
[00:00:05 -14556.381004] SLOW spr round 5 (radius: 20)
[00:00:05 -14556.381004] SLOW spr round 6 (radius: 25)
[00:00:05 -14556.381004] Model parameter optimization (eps = 0.100000)

[00:00:05] [worker #0] ML tree search #1, logLikelihood: -14555.869620

[00:00:05 -26024.262258] Initial branch length optimization
[00:00:05 -21959.217172] Model parameter optimization (eps = 10.000000)
[00:00:05] [worker #3] ML tree search #4, logLikelihood: -14555.866573
[00:00:06 -20467.526393] AUTODETECT spr round 1 (radius: 5)
[00:00:06 -15024.819922] AUTODETECT spr round 2 (radius: 10)
[00:00:06 -14813.143084] AUTODETECT spr round 3 (radius: 15)
[00:00:06 -14813.133554] SPR radius for FAST iterations: 10 (autodetect)
[00:00:06 -14813.133554] Model parameter optimization (eps = 3.000000)
[00:00:07 -14723.463309] FAST spr round 1 (radius: 10)
[00:00:07 -14562.402517] FAST spr round 2 (radius: 10)
[00:00:07] [worker #4] ML tree search #11, logLikelihood: -14555.864091
[00:00:07 -14560.144298] FAST spr round 3 (radius: 10)
[00:00:07 -14558.947891] FAST spr round 4 (radius: 10)
[00:00:08 -14558.612456] FAST spr round 5 (radius: 10)
[00:00:08 -14558.612445] Model parameter optimization (eps = 1.000000)
[00:00:08 -14556.238813] SLOW spr round 1 (radius: 5)
[00:00:09] [worker #5] ML tree search #12, logLikelihood: -14555.863230
[00:00:09 -14556.222360] SLOW spr round 2 (radius: 10)
[00:00:09] [worker #2] ML tree search #9, logLikelihood: -14555.896492
[00:00:09] [worker #1] ML tree search #8, logLikelihood: -14555.889301
[00:00:10 -14556.222277] SLOW spr round 3 (radius: 15)
[00:00:10 -14556.222275] SLOW spr round 4 (radius: 20)
[00:00:10 -14556.222275] SLOW spr round 5 (radius: 25)
[00:00:10 -14556.222275] Model parameter optimization (eps = 0.100000)

[00:00:10] [worker #0] ML tree search #7, logLikelihood: -14555.893714

[00:00:10 -17394.239517] Initial branch length optimization
[00:00:10 -15367.577026] Model parameter optimization (eps = 10.000000)
[00:00:10 -14568.839176] AUTODETECT spr round 1 (radius: 5)
[00:00:10] [worker #3] ML tree search #10, logLikelihood: -14555.884265
[00:00:10 -14563.004841] AUTODETECT spr round 2 (radius: 10)
[00:00:10 -14562.992903] SPR radius for FAST iterations: 5 (autodetect)
[00:00:10 -14562.992903] Model parameter optimization (eps = 3.000000)
[00:00:10] [worker #4] ML tree search #17, logLikelihood: -14555.867441
[00:00:11 -14561.433293] FAST spr round 1 (radius: 5)
[00:00:11 -14559.539604] FAST spr round 2 (radius: 5)
[00:00:11 -14558.185159] FAST spr round 3 (radius: 5)
[00:00:11 -14556.968020] FAST spr round 4 (radius: 5)
[00:00:12 -14556.675164] FAST spr round 5 (radius: 5)
[00:00:12 -14556.675132] Model parameter optimization (eps = 1.000000)
[00:00:12 -14556.129090] SLOW spr round 1 (radius: 5)
[00:00:13] [worker #5] ML tree search #18, logLikelihood: -14555.849623
[00:00:13 -14556.121370] SLOW spr round 2 (radius: 10)
[00:00:13 -14556.121331] SLOW spr round 3 (radius: 15)
[00:00:14] [worker #2] ML tree search #15, logLikelihood: -14555.857598
[00:00:14 -14556.121330] SLOW spr round 4 (radius: 20)
[00:00:14 -14556.121330] SLOW spr round 5 (radius: 25)
[00:00:14 -14556.121330] Model parameter optimization (eps = 0.100000)
[00:00:14] [worker #1] ML tree search #14, logLikelihood: -14555.862662

[00:00:14] [worker #0] ML tree search #13, logLikelihood: -14555.871493

[00:00:14 -17376.599625] Initial branch length optimization
[00:00:14 -15357.762917] Model parameter optimization (eps = 10.000000)
[00:00:14 -14560.870051] AUTODETECT spr round 1 (radius: 5)
[00:00:14 -14558.632141] AUTODETECT spr round 2 (radius: 10)
[00:00:15] [worker #3] ML tree search #16, logLikelihood: -14555.855643
[00:00:15 -14558.603874] SPR radius for FAST iterations: 5 (autodetect)
[00:00:15 -14558.603874] Model parameter optimization (eps = 3.000000)
[00:00:15 -14556.906674] FAST spr round 1 (radius: 5)
[00:00:15 -14556.560033] FAST spr round 2 (radius: 5)
[00:00:15 -14556.560024] Model parameter optimization (eps = 1.000000)
[00:00:15 -14556.056946] SLOW spr round 1 (radius: 5)
[00:00:16 -14556.051005] SLOW spr round 2 (radius: 10)
[00:00:17 -14556.050964] SLOW spr round 3 (radius: 15)
[00:00:17 -14556.050963] SLOW spr round 4 (radius: 20)
[00:00:17 -14556.050963] SLOW spr round 5 (radius: 25)
[00:00:17 -14556.050963] Model parameter optimization (eps = 0.100000)

[00:00:17] [worker #0] ML tree search #19, logLikelihood: -14555.862070

[00:00:18] [worker #1] ML tree search #20, logLikelihood: -14555.865333

Optimized model parameters:

   Partition 0: noname
   Rate heterogeneity: GAMMA (4 cats, mean),  alpha: 0.579096 (ML),  weights&rates: (0.250000,0.048827) (0.250000,0.300451) (0.250000,0.870268) (0.250000,2.780454) 
   Base frequencies (ML): 0.296213 0.285899 0.184641 0.233248 
   Substitution rates (ML): 3.618087 6.404355 2.162415 0.435328 13.413999 1.000000 


Final LogLikelihood: -14555.849623

AIC score: 29223.699247 / AICc score: 29227.445726 / BIC score: 29530.222925
Free parameters (model + branch lengths): 56

WARNING: Best ML tree contains 1 near-zero branches!

Best ML tree with collapsed near-zero branches saved to: /Users/gillianchu/Desktop/cpsc/project/datafiles/mafft_alns/cytb_species.aln.raxml.bestTreeCollapsed
Best ML tree saved to: /Users/gillianchu/Desktop/cpsc/project/datafiles/mafft_alns/cytb_species.aln.raxml.bestTree
All ML trees saved to: /Users/gillianchu/Desktop/cpsc/project/datafiles/mafft_alns/cytb_species.aln.raxml.mlTrees
Optimized model saved to: /Users/gillianchu/Desktop/cpsc/project/datafiles/mafft_alns/cytb_species.aln.raxml.bestModel

Execution log saved to: /Users/gillianchu/Desktop/cpsc/project/datafiles/mafft_alns/cytb_species.aln.raxml.log

Analysis started: 21-Apr-2022 16:59:11 / finished: 21-Apr-2022 16:59:29

Elapsed time: 18.367 seconds

